[2024-05-01 14:42:36,008: INFO: main: Welcome to our custom log]
[2024-05-19 14:58:34,806: INFO: common: yaml file: config\config.yaml loaded successfully]
[2024-05-19 14:58:34,829: INFO: common: yaml file: params.yaml loaded successfully]
[2024-05-19 14:58:34,833: INFO: common: created directory at: artifacts]
[2024-05-19 14:58:34,839: INFO: common: created directory at: artifacts/data_ingestion]
[2024-05-19 14:58:34,845: INFO: 2677270031: Downloading data from https://drive.google.com/file/d/1vlhZ5c7abUKF8xXERIw6m9Te8fW7ohw3/view?usp=sharing into file artifacts/data_ingestion/data.zip]
[2024-05-19 14:58:46,380: INFO: 2677270031: Downloaded data from https://drive.google.com/file/d/1vlhZ5c7abUKF8xXERIw6m9Te8fW7ohw3/view?usp=sharing into file artifacts/data_ingestion/data.zip]
[2024-05-19 15:46:10,423: INFO: main: >>>>>> stage Data Injestion stage started <<<<<<]
[2024-05-19 15:46:10,442: INFO: common: yaml file: config\config.yaml loaded successfully]
[2024-05-19 15:46:10,446: INFO: common: yaml file: params.yaml loaded successfully]
[2024-05-19 15:46:10,447: INFO: common: created directory at: artifacts]
[2024-05-19 15:46:10,451: INFO: common: created directory at: artifacts/data_ingestion]
[2024-05-19 15:46:10,453: INFO: data_injestion: Downloading data from https://drive.google.com/file/d/1vlhZ5c7abUKF8xXERIw6m9Te8fW7ohw3/view?usp=sharing into file artifacts/data_ingestion/data.zip]
[2024-05-19 15:46:21,515: INFO: data_injestion: Downloaded data from https://drive.google.com/file/d/1vlhZ5c7abUKF8xXERIw6m9Te8fW7ohw3/view?usp=sharing into file artifacts/data_ingestion/data.zip]
[2024-05-19 15:46:25,086: INFO: main: >>>>>> stage Data Injestion stage completed <<<<<<

x==========x]
[2024-07-14 17:35:09,593: INFO: common: yaml file: config\config.yaml loaded successfully]
[2024-07-14 17:35:09,624: INFO: common: yaml file: params.yaml loaded successfully]
[2024-07-14 17:35:09,630: INFO: common: created directory at: artifacts]
[2024-07-14 17:52:01,866: INFO: common: yaml file: config\config.yaml loaded successfully]
[2024-07-14 17:52:01,884: INFO: common: yaml file: params.yaml loaded successfully]
[2024-07-14 17:52:01,888: INFO: common: created directory at: artifacts]
[2024-07-14 17:52:55,358: INFO: common: yaml file: config\config.yaml loaded successfully]
[2024-07-14 17:52:55,361: INFO: common: yaml file: params.yaml loaded successfully]
[2024-07-14 17:52:55,361: INFO: common: created directory at: artifacts]
[2024-07-14 17:53:02,301: INFO: common: yaml file: config\config.yaml loaded successfully]
[2024-07-14 17:53:02,304: INFO: common: yaml file: params.yaml loaded successfully]
[2024-07-14 17:53:02,305: INFO: common: created directory at: artifacts]
[2024-07-14 17:56:07,809: INFO: common: yaml file: config\config.yaml loaded successfully]
[2024-07-14 17:56:07,811: INFO: common: yaml file: params.yaml loaded successfully]
[2024-07-14 17:56:07,812: INFO: common: created directory at: artifacts]
[2024-07-14 17:57:17,387: INFO: common: yaml file: config\config.yaml loaded successfully]
[2024-07-14 17:57:17,390: INFO: common: yaml file: params.yaml loaded successfully]
[2024-07-14 17:57:17,390: INFO: common: created directory at: artifacts]
[2024-07-14 17:57:29,535: INFO: common: yaml file: config\config.yaml loaded successfully]
[2024-07-14 17:57:29,538: INFO: common: yaml file: params.yaml loaded successfully]
[2024-07-14 17:57:29,540: INFO: common: created directory at: artifacts]
[2024-07-14 17:57:40,961: INFO: common: yaml file: config\config.yaml loaded successfully]
[2024-07-14 17:57:40,964: INFO: common: yaml file: params.yaml loaded successfully]
[2024-07-14 17:57:40,966: INFO: common: created directory at: artifacts]
[2024-07-14 17:58:36,445: INFO: common: yaml file: config\config.yaml loaded successfully]
[2024-07-14 17:58:36,447: INFO: common: yaml file: params.yaml loaded successfully]
[2024-07-14 17:58:36,448: INFO: common: created directory at: artifacts]
[2024-07-14 18:00:07,840: INFO: common: yaml file: config\config.yaml loaded successfully]
[2024-07-14 18:00:07,844: INFO: common: yaml file: params.yaml loaded successfully]
[2024-07-14 18:00:07,846: INFO: common: created directory at: artifacts]
[2024-07-14 18:00:46,212: INFO: common: yaml file: config\config.yaml loaded successfully]
[2024-07-14 18:00:46,216: INFO: common: yaml file: params.yaml loaded successfully]
[2024-07-14 18:00:46,217: INFO: common: created directory at: artifacts]
[2024-07-14 18:01:21,361: INFO: common: yaml file: config\config.yaml loaded successfully]
[2024-07-14 18:01:21,364: INFO: common: yaml file: params.yaml loaded successfully]
[2024-07-14 18:01:21,365: INFO: common: created directory at: artifacts]
[2024-07-14 18:01:34,494: INFO: common: yaml file: config\config.yaml loaded successfully]
[2024-07-14 18:01:34,497: INFO: common: yaml file: params.yaml loaded successfully]
[2024-07-14 18:01:34,498: INFO: common: created directory at: artifacts]
[2024-07-14 18:01:42,611: INFO: common: yaml file: config\config.yaml loaded successfully]
[2024-07-14 18:01:42,614: INFO: common: yaml file: params.yaml loaded successfully]
[2024-07-14 18:01:42,615: INFO: common: created directory at: artifacts]
[2024-07-14 18:02:25,017: INFO: common: yaml file: config\config.yaml loaded successfully]
[2024-07-14 18:02:25,017: INFO: common: yaml file: params.yaml loaded successfully]
[2024-07-14 18:02:25,017: INFO: common: created directory at: artifacts]
[2024-07-14 18:04:23,585: INFO: common: yaml file: config\config.yaml loaded successfully]
[2024-07-14 18:04:23,585: INFO: common: yaml file: params.yaml loaded successfully]
[2024-07-14 18:04:23,585: INFO: common: created directory at: artifacts]
[2024-07-14 18:06:45,558: INFO: common: yaml file: config\config.yaml loaded successfully]
[2024-07-14 18:06:45,563: INFO: common: yaml file: params.yaml loaded successfully]
[2024-07-14 18:06:45,566: INFO: common: created directory at: artifacts]
[2024-07-14 18:08:29,840: INFO: common: yaml file: config\config.yaml loaded successfully]
[2024-07-14 18:08:29,848: INFO: common: yaml file: params.yaml loaded successfully]
[2024-07-14 18:08:29,851: INFO: common: created directory at: artifacts]
[2024-07-14 18:10:03,965: INFO: common: yaml file: config\config.yaml loaded successfully]
[2024-07-14 18:10:03,969: INFO: common: yaml file: params.yaml loaded successfully]
[2024-07-14 18:10:03,971: INFO: common: created directory at: artifacts]
[2024-07-14 18:10:12,206: INFO: common: yaml file: config\config.yaml loaded successfully]
[2024-07-14 18:10:12,212: INFO: common: yaml file: params.yaml loaded successfully]
[2024-07-14 18:10:12,215: INFO: common: created directory at: artifacts]
[2024-07-14 18:10:19,737: INFO: common: yaml file: config\config.yaml loaded successfully]
[2024-07-14 18:10:19,742: INFO: common: yaml file: params.yaml loaded successfully]
[2024-07-14 18:10:19,744: INFO: common: created directory at: artifacts]
[2024-07-14 18:12:00,170: INFO: common: yaml file: config\config.yaml loaded successfully]
[2024-07-14 18:12:00,174: INFO: common: yaml file: params.yaml loaded successfully]
[2024-07-14 18:12:00,175: INFO: common: created directory at: artifacts]
